<?xml version="1.0" encoding="UTF-8"?>
<testsuite xmlns:xsi="http://www.w3.org/2001/XMLSchema-instance" xsi:noNamespaceSchemaLocation="https://maven.apache.org/surefire/maven-surefire-plugin/xsd/surefire-test-report.xsd" name="com.gip.xyna.zookeeper.VM_ZookeeperTest" time="3.141" tests="20" errors="0" skipped="0" failures="0">
  <properties>
[...]
</properties>
  <testcase name="allocateMultipleVetoSequential" classname="com.gip.xyna.zookeeper.VM_ZookeeperTest" time="0.286"/>
  <testcase name="allocateAdministrativeVeto" classname="com.gip.xyna.zookeeper.VM_ZookeeperTest" time="0.121"/>
  <testcase name="freeVeto" classname="com.gip.xyna.zookeeper.VM_ZookeeperTest" time="0.142"/>
  <testcase name="listVetos" classname="com.gip.xyna.zookeeper.VM_ZookeeperTest" time="0.261"/>
  <testcase name="unallocateMultipleVetoSequential" classname="com.gip.xyna.zookeeper.VM_ZookeeperTest" time="0.159"/>
  <testcase name="reallocateVeto" classname="com.gip.xyna.zookeeper.VM_ZookeeperTest" time="0.151"/>
  <testcase name="unallocateVeto" classname="com.gip.xyna.zookeeper.VM_ZookeeperTest" time="0.146"/>
  <testcase name="freeVetos" classname="com.gip.xyna.zookeeper.VM_ZookeeperTest" time="0.155"/>
  <testcase name="documentAdministrativeVeto" classname="com.gip.xyna.zookeeper.VM_ZookeeperTest" time="0.128"/>
  <testcase name="freeVetoForced" classname="com.gip.xyna.zookeeper.VM_ZookeeperTest" time="0.14"/>
  <testcase name="allocateVeto" classname="com.gip.xyna.zookeeper.VM_ZookeeperTest" time="0.133"/>
  <testcase name="unallocateMultipleVeto" classname="com.gip.xyna.zookeeper.VM_ZookeeperTest" time="0.156"/>
  <testcase name="tryAllocateVeto" classname="com.gip.xyna.zookeeper.VM_ZookeeperTest" time="0.128"/>
  <testcase name="unallocateAdministrativeVeto" classname="com.gip.xyna.zookeeper.VM_ZookeeperTest" time="0.134"/>
  <testcase name="removeAllocationOfVeto" classname="com.gip.xyna.zookeeper.VM_ZookeeperTest" time="0.157"/>
  <testcase name="tryAllocateMultipleVetos" classname="com.gip.xyna.zookeeper.VM_ZookeeperTest" time="0.137"/>
  <testcase name="allocateMultipleVeto" classname="com.gip.xyna.zookeeper.VM_ZookeeperTest" time="0.126"/>
  <testcase name="addAllocationOfVeto" classname="com.gip.xyna.zookeeper.VM_ZookeeperTest" time="0.142"/>
  <testcase name="freeVetosForced" classname="com.gip.xyna.zookeeper.VM_ZookeeperTest" time="0.158"/>
  <testcase name="tryAllocateVetoToMultiple" classname="com.gip.xyna.zookeeper.VM_ZookeeperTest" time="0.147"/>
</testsuite>